runsolver version 3.4.1 (svn: 4412) Copyright (C) 2010-2013 Olivier ROUSSEL

This program is distributed in the hope that it will be useful,
but WITHOUT ANY WARRANTY; without even the implied warranty of
MERCHANTABILITY or FITNESS FOR A PARTICULAR PURPOSE.  See the
GNU General Public License for more details.

NUMA information:
  number of nodes: 1
  memory of node 0: 15878 MiB (11845 MiB free)
  node distances:
     10

command line: ./runsolver/src/runsolver --wall-clock-limit 10 --solver-data LOG/gurobi_maxcut_5partite_n27.watcher.log --var LOG/gurobi_maxcut_5partite_n27.var python3 GUROBI/pb_gurobi.py problems/gurobi_scip/maxcut_5partite_n27.opb 10 

running on 12 cores: 0-11

Enforcing wall clock limit (soft limit, will send SIGTERM then SIGKILL): 10 seconds
Linux 6.18.33.1-microsoft-standard-WSL2
solver pid=84582, runsolver pid=84581
Current StackSize limit: 8192 KiB


[startup+0.104612 s]*
/proc/loadavg: 0.11 0.43 0.79 3/410 84594
/proc/meminfo: memFree=12078780/16259716 swapFree=4194304/4194304
[pid=84582] ppid=84581 vsize=146944 memory=20832 CPUtime=0.08 cores=0-11
/proc/84582/stat : 84582 (python3) S 84581 84582 84580 0 -1 4194304 2484 0 13 0 4 4 0 0 20 0 2 0 2501122 150470656 5178 18446744073709551615 4337664 7041381 140722304818384 0 0 0 0 16781312 2 0 0 0 17 5 0 0 0 0 0 9395632 9685784 24473600 140722304825395 140722304825471 140722304825471 140722304831463 0
/proc/84582/statm: 36736 5208 3167 661 0 4094 0
[pid=84582/tid=84594] ppid=84581 vsize=146944 memory=6944656425123422848 CPUtime=0 cores=0-11
/proc/84582/task/84594/stat : 84594 (python3) S 84581 84582 84580 0 -1 4194368 27 0 0 0 0 0 0 0 20 0 2 0 2501132 150470656 5178 18446744073709551615 4337664 7041381 140722304818384 0 0 0 0 16781312 2 1 0 0 -1 8 0 0 0 0 0 9395632 9685784 24473600 140722304825395 140722304825471 140722304825471 140722304831463 0
Current children cumulated CPU time: 0.08 s
Current children cumulated vsize: 146944 KiB
Current children cumulated memory: 20832 KiB

[startup+0.202667 s]*
/proc/loadavg: 0.11 0.43 0.79 7/412 84610
/proc/meminfo: memFree=12065936/16259716 swapFree=4194304/4194304
[pid=84582] ppid=84581 vsize=146944 memory=20832 CPUtime=0.08 cores=0-11
/proc/84582/stat : 84582 (python3) S 84581 84582 84580 0 -1 4194304 2484 0 13 0 4 4 0 0 20 0 2 0 2501122 150470656 5178 18446744073709551615 4337664 7041381 140722304818384 0 0 0 0 16781312 2 0 0 0 17 7 0 0 0 0 0 9395632 9685784 24473600 140722304825395 140722304825471 140722304825471 140722304831463 0
/proc/84582/statm: 36736 5208 3167 661 0 4094 0
[pid=84582/tid=84594] ppid=84581 vsize=146944 memory=-3119185203641933706 CPUtime=0 cores=0-11
/proc/84582/task/84594/stat : 84594 (python3) S 84581 84582 84580 0 -1 4194368 27 0 0 0 0 0 0 0 20 0 2 0 2501132 150470656 5178 18446744073709551615 4337664 7041381 140722304818384 0 0 0 0 16781312 2 1 0 0 -1 8 0 0 0 0 0 9395632 9685784 24473600 140722304825395 140722304825471 140722304825471 140722304831463 0
Current children cumulated CPU time: 0.08 s
Current children cumulated vsize: 146944 KiB
Current children cumulated memory: 20832 KiB

[startup+0.30457 s]*
/proc/loadavg: 0.11 0.43 0.79 5/411 84616
/proc/meminfo: memFree=12063368/16259716 swapFree=4194304/4194304
[pid=84582] ppid=84581 vsize=148268 memory=23556 CPUtime=0.1 cores=0-11
/proc/84582/stat : 84582 (python3) S 84581 84582 84580 0 -1 4194304 2833 0 13 0 6 4 0 0 20 0 1 0 2501122 151826432 5822 18446744073709551615 4337664 7041381 140722304818384 0 0 0 0 16781312 2 1 0 0 17 7 0 0 0 0 0 9395632 9685784 24473600 140722304825395 140722304825471 140722304825471 140722304831463 0
/proc/84582/statm: 37067 5889 3523 661 0 4425 0
Current children cumulated CPU time: 0.1 s
Current children cumulated vsize: 148268 KiB
Current children cumulated memory: 23556 KiB

[startup+0.700213 s]
/proc/loadavg: 0.11 0.43 0.79 4/408 84631
/proc/meminfo: memFree=12049084/16259716 swapFree=4194304/4194304
[pid=84582] ppid=84581 vsize=185160 memory=50124 CPUtime=0.36 cores=0-11
/proc/84582/stat : 84582 (python3) R 84581 84582 84580 0 -1 4194304 11625 0 15 0 28 8 0 0 20 0 2 0 2501122 189603840 12442 18446744073709551615 4337664 7041381 140722304818384 0 0 0 0 16781312 2 0 0 0 17 0 0 0 0 0 0 9395632 9685784 24473600 140722304825395 140722304825471 140722304825471 140722304831463 0
/proc/84582/statm: 46290 12531 5117 661 0 13648 0
[pid=84582/tid=84628] ppid=84581 vsize=185160 memory=7100839861431866497 CPUtime=0 cores=0-11
/proc/84582/task/84628/stat : 84628 (python3) S 84581 84582 84580 0 -1 4194368 0 0 0 0 0 0 0 0 20 0 2 0 2501166 189603840 12442 18446744073709551615 4337664 7041381 140722304818384 0 0 0 0 16781312 2 1 0 0 -1 5 0 0 0 0 0 9395632 9685784 24473600 140722304825395 140722304825471 140722304825471 140722304831463 0
Current children cumulated CPU time: 0.36 s
Current children cumulated vsize: 185160 KiB
Current children cumulated memory: 50124 KiB

[startup+1.50022 s]
/proc/loadavg: 0.11 0.43 0.79 5/410 84675
/proc/meminfo: memFree=11962136/16259716 swapFree=4194304/4194304
[pid=84582] ppid=84581 vsize=366808 memory=122456 CPUtime=2.65 cores=0-11
/proc/84582/stat : 84582 (python3) R 84581 84582 84580 0 -1 4194304 33597 0 16 0 248 17 0 0 20 0 7 0 2501122 375611392 30460 18446744073709551615 4337664 7041381 140722304818384 0 0 0 0 16781312 2 0 0 0 17 4 0 0 0 0 0 9395632 9685784 24473600 140722304825395 140722304825471 140722304825471 140722304831463 0
/proc/84582/statm: 91702 30614 5410 661 0 50556 0
[pid=84582/tid=84628] ppid=84581 vsize=366808 memory=28808 CPUtime=0.01 cores=0-11
/proc/84582/task/84628/stat : 84628 (python3) S 84581 84582 84580 0 -1 4194368 0 0 0 0 0 1 0 0 20 0 7 0 2501166 375611392 30460 18446744073709551615 4337664 7041381 140722304818384 0 0 0 0 16781312 2 1 0 0 -1 11 0 0 0 0 0 9395632 9685784 24473600 140722304825395 140722304825471 140722304825471 140722304831463 0
[pid=84582/tid=84659] ppid=84581 vsize=366808 memory=5787213904088154208 CPUtime=0.65 cores=0-11
/proc/84582/task/84659/stat : 84659 (python3) R 84581 84582 84580 0 -1 4194368 7539 0 0 0 63 2 0 0 20 0 7 0 2501206 375611392 30460 18446744073709551615 4337664 7041381 140722304818384 0 0 0 0 16781312 2 0 0 0 -1 3 0 0 0 0 0 9395632 9685784 24473600 140722304825395 140722304825471 140722304825471 140722304831463 0
[pid=84582/tid=84660] ppid=84581 vsize=366808 memory=7100839861431866497 CPUtime=0.65 cores=0-11
/proc/84582/task/84660/stat : 84660 (python3) R 84581 84582 84580 0 -1 4194368 6712 0 0 0 63 2 0 0 20 0 7 0 2501206 375611392 30460 18446744073709551615 4337664 7041381 140722304818384 0 0 0 0 16781312 2 0 0 0 -1 10 0 0 0 0 0 9395632 9685784 24473600 140722304825395 140722304825471 140722304825471 140722304831463 0
Current children cumulated CPU time: 2.65 s
Current children cumulated vsize: 366808 KiB
Current children cumulated memory: 122456 KiB

[startup+3.10144 s]
/proc/loadavg: 0.11 0.43 0.79 7/413 84720
/proc/meminfo: memFree=11887936/16259716 swapFree=4194304/4194304
[pid=84582] ppid=84581 vsize=590848 memory=154152 CPUtime=12.26 cores=0-11
/proc/84582/stat : 84582 (python3) R 84581 84582 84580 0 -1 4194304 45383 0 16 0 1182 44 0 0 20 0 7 0 2501122 605028352 38330 18446744073709551615 4337664 7041381 140722304818384 0 0 0 0 16781312 2 0 0 0 17 4 0 0 0 0 0 9395632 9685784 24473600 140722304825395 140722304825471 140722304825471 140722304831463 0
/proc/84582/statm: 147712 38538 5426 661 0 64697 0
[pid=84582/tid=84628] ppid=84581 vsize=590848 memory=28808 CPUtime=0.02 cores=0-11
/proc/84582/task/84628/stat : 84628 (python3) S 84581 84582 84580 0 -1 4194368 0 0 0 0 0 2 0 0 20 0 7 0 2501166 605028352 38330 18446744073709551615 4337664 7041381 140722304818384 0 0 0 0 16781312 2 1 0 0 -1 5 0 0 0 0 0 9395632 9685784 24473600 140722304825395 140722304825471 140722304825471 140722304831463 0
[pid=84582/tid=84659] ppid=84581 vsize=590848 memory=5787213904088154208 CPUtime=2.26 cores=0-11
/proc/84582/task/84659/stat : 84659 (python3) R 84581 84582 84580 0 -1 4194368 8124 0 0 0 220 6 0 0 20 0 7 0 2501206 605028352 38330 18446744073709551615 4337664 7041381 140722304818384 0 0 0 0 16781312 2 0 0 0 -1 3 0 0 0 0 0 9395632 9685784 24473600 140722304825395 140722304825471 140722304825471 140722304831463 0
[pid=84582/tid=84660] ppid=84581 vsize=590848 memory=122500 CPUtime=2.26 cores=0-11
/proc/84582/task/84660/stat : 84660 (python3) R 84581 84582 84580 0 -1 4194368 7406 0 0 0 220 6 0 0 20 0 7 0 2501206 605028352 38330 18446744073709551615 4337664 7041381 140722304818384 0 0 0 0 16781312 2 0 0 0 -1 10 0 0 0 0 0 9395632 9685784 24473600 140722304825395 140722304825471 140722304825471 140722304831463 0
[pid=84582/tid=84694] ppid=84581 vsize=590848 memory=279734307300288 CPUtime=1.64 cores=0-11
/proc/84582/task/84694/stat : 84694 (python3) R 84581 84582 84580 0 -1 4194368 2728 0 0 0 159 5 0 0 20 0 7 0 2501267 605028352 38330 18446744073709551615 4337664 7041381 140722304818384 0 0 0 0 16781312 2 0 0 0 -1 0 0 0 0 0 0 9395632 9685784 24473600 140722304825395 140722304825471 140722304825471 140722304831463 0
[pid=84582/tid=84695] ppid=84581 vsize=590848 memory=50284 CPUtime=1.65 cores=0-11
/proc/84582/task/84695/stat : 84695 (python3) R 84581 84582 84580 0 -1 4194368 253 0 0 0 157 8 0 0 20 0 7 0 2501267 605028352 38330 18446744073709551615 4337664 7041381 140722304818384 0 0 0 0 16781312 2 0 0 0 -1 9 0 0 0 0 0 9395632 9685784 24473600 140722304825395 140722304825471 140722304825471 140722304831463 0
[pid=84582/tid=84696] ppid=84581 vsize=590848 memory=0 CPUtime=1.64 cores=0-11
/proc/84582/task/84696/stat : 84696 (python3) R 84581 84582 84580 0 -1 4194368 253 0 0 0 159 5 0 0 20 0 7 0 2501267 605028352 38330 18446744073709551615 4337664 7041381 140722304818384 0 0 0 0 16781312 2 0 0 0 -1 6 0 0 0 0 0 9395632 9685784 24473600 140722304825395 140722304825471 140722304825471 140722304831463 0
Current children cumulated CPU time: 12.26 s
Current children cumulated vsize: 590848 KiB
Current children cumulated memory: 154152 KiB

[startup+3.30014 s]
# the end of solver process 84582 was just reported to runsolver
# cumulated CPU time of all completed processes:  user=12.909 s, system=0.477221 s

Solver just ended.
??? end of watcher thread
Dumping a history of the last processes samples

[startup+3.2003 s]
/proc/loadavg: 0.11 0.43 0.79 7/413 84720
/proc/meminfo: memFree=11887936/16259716 swapFree=4194304/4194304
[pid=84582] ppid=84581 vsize=590848 memory=154160 CPUtime=12.85 cores=0-11
/proc/84582/stat : 84582 (python3) R 84581 84582 84580 0 -1 4194304 45385 0 16 0 1239 46 0 0 20 0 7 0 2501122 605028352 38330 18446744073709551615 4337664 7041381 140722304818384 0 0 0 0 16781312 2 0 0 0 17 4 0 0 0 0 0 9395632 9685784 24473600 140722304825395 140722304825471 140722304825471 140722304831463 0
/proc/84582/statm: 147712 38540 5426 661 0 64697 0
[pid=84582/tid=84628] ppid=84581 vsize=590848 memory=0 CPUtime=0.02 cores=0-11
/proc/84582/task/84628/stat : 84628 (python3) S 84581 84582 84580 0 -1 4194368 0 0 0 0 0 2 0 0 20 0 7 0 2501166 605028352 38330 18446744073709551615 4337664 7041381 140722304818384 0 0 0 0 16781312 2 1 0 0 -1 5 0 0 0 0 0 9395632 9685784 24473600 140722304825395 140722304825471 140722304825471 140722304831463 0
[pid=84582/tid=84659] ppid=84581 vsize=590848 memory=8323121167302491022 CPUtime=2.35 cores=0-11
/proc/84582/task/84659/stat : 84659 (python3) R 84581 84582 84580 0 -1 4194368 8126 0 0 0 229 6 0 0 20 0 7 0 2501206 605028352 38330 18446744073709551615 4337664 7041381 140722304818384 0 0 0 0 16781312 2 0 0 0 -1 3 0 0 0 0 0 9395632 9685784 24473600 140722304825395 140722304825471 140722304825471 140722304831463 0
[pid=84582/tid=84660] ppid=84581 vsize=590848 memory=7505920079183829648 CPUtime=2.35 cores=0-11
/proc/84582/task/84660/stat : 84660 (python3) R 84581 84582 84580 0 -1 4194368 7406 0 0 0 229 6 0 0 20 0 7 0 2501206 605028352 38330 18446744073709551615 4337664 7041381 140722304818384 0 0 0 0 16781312 2 0 0 0 -1 10 0 0 0 0 0 9395632 9685784 24473600 140722304825395 140722304825471 140722304825471 140722304831463 0
[pid=84582/tid=84694] ppid=84581 vsize=590848 memory=0 CPUtime=1.74 cores=0-11
/proc/84582/task/84694/stat : 84694 (python3) R 84581 84582 84580 0 -1 4194368 2728 0 0 0 168 6 0 0 20 0 7 0 2501267 605028352 38330 18446744073709551615 4337664 7041381 140722304818384 0 0 0 0 16781312 2 0 0 0 -1 0 0 0 0 0 0 9395632 9685784 24473600 140722304825395 140722304825471 140722304825471 140722304831463 0
[pid=84582/tid=84695] ppid=84581 vsize=590848 memory=0 CPUtime=1.74 cores=0-11
/proc/84582/task/84695/stat : 84695 (python3) R 84581 84582 84580 0 -1 4194368 253 0 0 0 166 8 0 0 20 0 7 0 2501267 605028352 38330 18446744073709551615 4337664 7041381 140722304818384 0 0 0 0 16781312 2 0 0 0 -1 9 0 0 0 0 0 9395632 9685784 24473600 140722304825395 140722304825471 140722304825471 140722304831463 0
[pid=84582/tid=84696] ppid=84581 vsize=590848 memory=11608 CPUtime=1.74 cores=0-11
/proc/84582/task/84696/stat : 84696 (python3) R 84581 84582 84580 0 -1 4194368 253 0 0 0 169 5 0 0 20 0 7 0 2501267 605028352 38330 18446744073709551615 4337664 7041381 140722304818384 0 0 0 0 16781312 2 0 0 0 -1 6 0 0 0 0 0 9395632 9685784 24473600 140722304825395 140722304825471 140722304825471 140722304831463 0
Current children cumulated CPU time: 12.85 s
Current children cumulated vsize: 590848 KiB
Current children cumulated memory: 154160 KiB

Child status: 0
Real time (s): 3.30022
CPU time (s): 13.3863
CPU user time (s): 12.909
CPU system time (s): 0.477221
CPU usage (%): 405.617
Max. virtual memory (cumulated for all children) (KiB): 590848
Max. memory (cumulated for all children) (KiB): 154160

getrusage(RUSAGE_CHILDREN,...) data:
user time used= 12.909
system time used= 0.477221
maximum resident set size= 153320
integral shared memory size= 0
integral unshared data size= 0
integral unshared stack size= 0
page reclaims= 45422
page faults= 17
swaps= 0
block input operations= 78304
block output operations= 24
messages sent= 0
messages received= 0
signals received= 0
voluntary context switches= 2683
involuntary context switches= 133


# summary of solver processes directly reported to runsolver:
#   pid: 84582
#   total CPU time (s): 13.3863
#   total CPU user time (s): 12.909
#   total CPU system time (s): 0.477221

??? end of timestamper thread
runsolver used 0.005764 second user time and 0.030394 second system time

The end
