runsolver version 3.4.1 (svn: 4412) Copyright (C) 2010-2013 Olivier ROUSSEL

This program is distributed in the hope that it will be useful,
but WITHOUT ANY WARRANTY; without even the implied warranty of
MERCHANTABILITY or FITNESS FOR A PARTICULAR PURPOSE.  See the
GNU General Public License for more details.

NUMA information:
  number of nodes: 1
  memory of node 0: 15878 MiB (13946 MiB free)
  node distances:
     10

command line: ./runsolver/src/runsolver --wall-clock-limit 10 --solver-data LOG/naps_clique_coloring_n5_t3.watcher.log --var LOG/naps_clique_coloring_n5_t3.var ./naps/naps-1.02b problems/gurobi_scip/clique_coloring_n5_t3.opb 

running on 12 cores: 0-11

Enforcing wall clock limit (soft limit, will send SIGTERM then SIGKILL): 10 seconds
Linux 6.18.33.1-microsoft-standard-WSL2
Current StackSize limit: 8192 KiB

solver pid=4, runsolver pid=3

[startup+0.0201639 s]
# the end of solver process 4 was just reported to runsolver
# cumulated CPU time of all completed processes:  user=0.014223 s, system=0.003555 s

Solver just ended.
??? end of watcher thread
Dumping a history of the last processes samples

Child status: 30
Real time (s): 0.0202209
CPU time (s): 0.017778
CPU user time (s): 0.014223
CPU system time (s): 0.003555
CPU usage (%): 87.9189
Max. virtual memory (cumulated for all children) (KiB): 0
Max. memory (cumulated for all children) (KiB): 0

getrusage(RUSAGE_CHILDREN,...) data:
user time used= 0.014223
system time used= 0.003555
maximum resident set size= 1748
integral shared memory size= 0
integral unshared data size= 0
integral unshared stack size= 0
page reclaims= 204
page faults= 1
swaps= 0
block input operations= 8192
block output operations= 8
messages sent= 0
messages received= 0
signals received= 0
voluntary context switches= 4
involuntary context switches= 3


# summary of solver processes directly reported to runsolver:
#   pid: 4
#   total CPU time (s): 0.017778
#   total CPU user time (s): 0.014223
#   total CPU system time (s): 0.003555

??? end of timestamper thread
runsolver used 0.000288 second user time and 0.0022 second system time

The end
