runsolver version 3.4.1 (svn: 4412) Copyright (C) 2010-2013 Olivier ROUSSEL

This program is distributed in the hope that it will be useful,
but WITHOUT ANY WARRANTY; without even the implied warranty of
MERCHANTABILITY or FITNESS FOR A PARTICULAR PURPOSE.  See the
GNU General Public License for more details.

NUMA information:
  number of nodes: 1
  memory of node 0: 15878 MiB (13933 MiB free)
  node distances:
     10

command line: ./runsolver/src/runsolver --wall-clock-limit 10 --solver-data LOG/roundingsat_knapsack_subset_sum_200.watcher.log --var LOG/roundingsat_knapsack_subset_sum_200.var RoundingSat/bin/roundingsat --time-limit=10 --print-sol=1 problems/gurobi_scip/knapsack_subset_sum_200.opb 

running on 12 cores: 0-11

Enforcing wall clock limit (soft limit, will send SIGTERM then SIGKILL): 10 seconds
Linux 6.18.33.1-microsoft-standard-WSL2
Current StackSize limit: 8192 KiB

solver pid=4, runsolver pid=3

[startup+0.022889 s]
# the end of solver process 4 was just reported to runsolver
# cumulated CPU time of all completed processes:  user=0.012324 s, system=0.006236 s

Solver just ended.
??? end of watcher thread
Dumping a history of the last processes samples

Child status: 0
Real time (s): 0.0229491
CPU time (s): 0.01856
CPU user time (s): 0.012324
CPU system time (s): 0.006236
CPU usage (%): 80.8746
Max. virtual memory (cumulated for all children) (KiB): 0
Max. memory (cumulated for all children) (KiB): 0

getrusage(RUSAGE_CHILDREN,...) data:
user time used= 0.012324
system time used= 0.006236
maximum resident set size= 7856
integral shared memory size= 0
integral unshared data size= 0
integral unshared stack size= 0
page reclaims= 560
page faults= 2
swaps= 0
block input operations= 19624
block output operations= 24
messages sent= 0
messages received= 0
signals received= 0
voluntary context switches= 5
involuntary context switches= 1


# summary of solver processes directly reported to runsolver:
#   pid: 4
#   total CPU time (s): 0.01856
#   total CPU user time (s): 0.012324
#   total CPU system time (s): 0.006236

??? end of timestamper thread
runsolver used 0 second user time and 0.002647 second system time

The end
